<?xml version="1.0" encoding="UTF-8"?>
<!-- Generated by org.testng.reporters.JUnitReportReporter -->
<testsuite hostname="LAPTOP-P816KUG8" failures="0" tests="1" name="com.Actitime.Testscripts.TaskTest" time="9.624" errors="0" timestamp="2023-03-28T12:04:48 IST" skipped="0">
  <testcase classname="com.Actitime.Testscripts.TaskTest" name="createcustomer" time="9.624"/>
  <system-out/>
</testsuite> <!-- com.Actitime.Testscripts.TaskTest -->
